<?xml version="1.0" encoding="UTF-8"?>
<!-- Generated by org.testng.reporters.JUnitReportReporter -->
<testsuite hostname="DESKTOP-G2L7LTM" failures="0" tests="1" name="com.voya.testcases.LoginTestCase1" time="9.653" errors="0" timestamp="2020-05-13T01:53:02 IST" skipped="0">
  <testcase classname="com.voya.testcases.LoginTestCase1" name="SigninLinktestcase1" time="9.653"/>
  <system-out/>
</testsuite> <!-- com.voya.testcases.LoginTestCase1 -->
