<?xml version="1.0" encoding="UTF-8"?>
<!-- Generated by org.testng.reporters.JUnitReportReporter -->
<testsuite hostname="DESKTOP-G2L7LTM" failures="0" tests="1" name="com.voya.testcases.SignTestCase1" time="10.335" errors="0" timestamp="2020-05-13T14:09:37 IST" skipped="0">
  <testcase classname="com.voya.testcases.SignTestCase1" name="SigninLinktestcase1" time="10.335"/>
  <system-out/>
</testsuite> <!-- com.voya.testcases.SignTestCase1 -->
