<?xml version="1.0" encoding="UTF-8"?>
<!-- Generated by org.testng.reporters.JUnitReportReporter -->
<testsuite hostname="DESKTOP-G2L7LTM" failures="0" tests="1" name="com.voya.testcases.LoginTestCase2" time="11.254" errors="0" timestamp="2020-05-13T01:53:02 IST" skipped="0">
  <testcase classname="com.voya.testcases.LoginTestCase2" name="GitHublogintestcase2" time="11.254"/>
  <system-out/>
</testsuite> <!-- com.voya.testcases.LoginTestCase2 -->
