<?xml version="1.0" encoding="UTF-8"?>
<!-- Generated by org.testng.reporters.JUnitReportReporter -->
<testsuite hostname="DESKTOP-G2L7LTM" failures="0" tests="1" name="com.voya.testcases.GitHubLoginTestCase4" time="34.767" errors="0" timestamp="2020-05-14T18:01:47 IST" skipped="0">
  <testcase classname="com.voya.testcases.GitHubLoginTestCase4" name="GitHublogintestcase2" time="34.767"/>
  <system-out/>
</testsuite> <!-- com.voya.testcases.GitHubLoginTestCase4 -->
